{"session":"fd943e422322","build":"182.3911.36","bucket":"-1","time":1548845423796,"group":{"id":"lifecycle","version":"2"},"event":{"count":1,"data":{},"id":"ideaapp.started"}}
{"session":"fd943e422322","build":"182.3911.36","bucket":"-1","time":1548845423827,"group":{"id":"lifecycle","version":"2"},"event":{"count":1,"data":{},"id":"app.started"}}
{"session":"fd943e422322","build":"182.3911.36","bucket":"-1","time":1548845434374,"group":{"id":"trigger","version":"2"},"event":{"count":1,"data":{},"id":"welcome.screen.WelcomeScreen.ImportProject"}}
{"session":"fd943e422322","build":"182.3911.36","bucket":"-1","time":1548845434731,"group":{"id":"ui.dialogs","version":"2"},"event":{"count":1,"data":{"type":"show"},"id":"com.intellij.openapi.fileChooser.ex.FileChooserDialogImpl"}}
{"session":"fd943e422322","build":"182.3911.36","bucket":"-1","time":1548845445675,"group":{"id":"ui.dialogs","version":"2"},"event":{"count":1,"data":{"code":0,"type":"close"},"id":"com.intellij.openapi.fileChooser.ex.FileChooserDialogImpl"}}
{"session":"fd943e422322","build":"182.3911.36","bucket":"-1","time":1548845445800,"group":{"id":"ui.dialogs","version":"2"},"event":{"count":1,"data":{"type":"show"},"id":"com.intellij.ide.util.newProjectWizard.AddModuleWizard"}}
{"session":"fd943e422322","build":"182.3911.36","bucket":"-1","time":1548845470114,"group":{"id":"ui.dialogs","version":"2"},"event":{"count":1,"data":{"code":1,"type":"close"},"id":"com.intellij.ide.util.newProjectWizard.AddModuleWizard"}}
{"session":"fd943e422322","build":"182.3911.36","bucket":"-1","time":1548845470940,"group":{"id":"trigger","version":"2"},"event":{"count":1,"data":{},"id":"welcome.screen.WelcomeScreen.OpenProject"}}
{"session":"fd943e422322","build":"182.3911.36","bucket":"-1","time":1548845470955,"group":{"id":"ui.dialogs","version":"2"},"event":{"count":1,"data":{"type":"show"},"id":"com.intellij.openapi.fileChooser.ex.FileChooserDialogImpl"}}
{"session":"fd943e422322","build":"182.3911.36","bucket":"-1","time":1548846618943,"group":{"id":"ui.dialogs","version":"2"},"event":{"count":1,"data":{"code":1,"type":"close"},"id":"com.intellij.openapi.fileChooser.ex.FileChooserDialogImpl"}}
{"session":"fd943e422322","build":"182.3911.36","bucket":"-1","time":1548846828698,"group":{"id":"trigger","version":"2"},"event":{"count":1,"data":{},"id":"welcome.screen.WelcomeScreen.OpenProject"}}
{"session":"fd943e422322","build":"182.3911.36","bucket":"-1","time":1548846828706,"group":{"id":"ui.dialogs","version":"2"},"event":{"count":1,"data":{"type":"show"},"id":"com.intellij.openapi.fileChooser.ex.FileChooserDialogImpl"}}
{"session":"fd943e422322","build":"182.3911.36","bucket":"-1","time":1548846859151,"group":{"id":"ui.dialogs","version":"2"},"event":{"count":1,"data":{"code":0,"type":"close"},"id":"com.intellij.openapi.fileChooser.ex.FileChooserDialogImpl"}}
{"session":"fd943e422322","build":"182.3911.36","bucket":"-1","time":1548846859676,"group":{"id":"ui.dialogs","version":"2"},"event":{"count":1,"data":{"type":"show"},"id":"com.intellij.openapi.progress.util.ProgressDialog$MyDialogWrapper"}}
{"session":"fd943e422322","build":"182.3911.36","bucket":"-1","time":1548846860194,"group":{"id":"lifecycle","version":"2"},"event":{"count":1,"data":{},"id":"project.opened"}}
{"session":"fd943e422322","build":"182.3911.36","bucket":"-1","time":1548846860606,"group":{"id":"trigger","version":"2"},"event":{"count":1,"data":{},"id":"StripeButton[Android_Profiler].hidden"}}
{"session":"fd943e422322","build":"182.3911.36","bucket":"-1","time":1548846861433,"group":{"id":"ui.dialogs","version":"2"},"event":{"count":1,"data":{"code":1,"type":"close"},"id":"com.intellij.openapi.progress.util.ProgressDialog$MyDialogWrapper"}}
{"session":"fd943e422322","build":"182.3911.36","bucket":"-1","time":1548846861494,"group":{"id":"ui.dialogs","version":"2"},"event":{"count":1,"data":{"type":"show"},"id":"com.intellij.ide.util.TipDialog"}}
{"session":"fd943e422322","build":"182.3911.36","bucket":"-1","time":1548846861694,"group":{"id":"lifecycle","version":"2"},"event":{"count":1,"data":{"time.ms":2339},"id":"project.opening.finished"}}
{"session":"fd943e422322","build":"182.3911.36","bucket":"-1","time":1548846862976,"group":{"id":"system.os.name","version":"2"},"event":{"data":{},"id":"Linux"}}
{"session":"fd943e422322","build":"182.3911.36","bucket":"-1","time":1548846862977,"group":{"id":"system.os.version","version":"2"},"event":{"data":{},"id":"ubuntu_16.04"}}
{"session":"fd943e422322","build":"182.3911.36","bucket":"-1","time":1548846862977,"group":{"id":"system.jvm.vendor","version":"2"},"event":{"data":{},"id":"JetBrains_s.r.o"}}
{"session":"fd943e422322","build":"182.3911.36","bucket":"-1","time":1548846862978,"group":{"id":"system.jvm.version","version":"2"},"event":{"data":{},"id":"1.8"}}
{"session":"fd943e422322","build":"182.3911.36","bucket":"-1","time":1548846864079,"group":{"id":"ui.dialogs","version":"2"},"event":{"count":1,"data":{"code":1,"type":"close"},"id":"com.intellij.ide.util.TipDialog"}}
{"session":"fd943e422322","build":"182.3911.36","bucket":"-1","time":1548846868702,"group":{"id":"toolwindow","version":"2"},"event":{"count":2,"data":{},"id":"Captures_by_Activation"}}
{"session":"fd943e422322","build":"182.3911.36","bucket":"-1","time":1548846872412,"group":{"id":"toolwindow","version":"2"},"event":{"count":1,"data":{},"id":"Project_by_Activation"}}
{"session":"fd943e422322","build":"182.3911.36","bucket":"-1","time":1548846876651,"group":{"id":"actions","version":"2"},"event":{"count":1,"data":{},"id":"CompileDirty"}}
{"session":"fd943e422322","build":"182.3911.36","bucket":"-1","time":1548846878957,"group":{"id":"toolwindow","version":"2"},"event":{"count":1,"data":{},"id":"Messages_by_Activation"}}
{"session":"fd943e422322","build":"182.3911.36","bucket":"-1","time":1548846896305,"group":{"id":"actions","version":"2"},"event":{"count":1,"data":{},"id":"CloseProject"}}
{"session":"fd943e422322","build":"182.3911.36","bucket":"-1","time":1548846896478,"group":{"id":"lifecycle","version":"2"},"event":{"count":1,"data":{},"id":"project.closed"}}
{"session":"fd943e422322","build":"182.3911.36","bucket":"-1","time":1548846903101,"group":{"id":"trigger","version":"2"},"event":{"count":1,"data":{},"id":"welcome.screen.WelcomeScreen.ImportProject"}}
{"session":"fd943e422322","build":"182.3911.36","bucket":"-1","time":1548846903110,"group":{"id":"ui.dialogs","version":"2"},"event":{"count":1,"data":{"type":"show"},"id":"com.intellij.openapi.fileChooser.ex.FileChooserDialogImpl"}}
{"session":"fd943e422322","build":"182.3911.36","bucket":"-1","time":1548846906513,"group":{"id":"ui.dialogs","version":"2"},"event":{"count":1,"data":{"code":0,"type":"close"},"id":"com.intellij.openapi.fileChooser.ex.FileChooserDialogImpl"}}
{"session":"fd943e422322","build":"182.3911.36","bucket":"-1","time":1548846906526,"group":{"id":"ui.dialogs","version":"2"},"event":{"count":1,"data":{"type":"show"},"id":"com.intellij.ide.util.newProjectWizard.AddModuleWizard"}}
{"session":"fd943e422322","build":"182.3911.36","bucket":"-1","time":1548846919593,"group":{"id":"ui.dialogs","version":"2"},"event":{"count":1,"data":{"code":0,"type":"close"},"id":"com.intellij.ide.util.newProjectWizard.AddModuleWizard"}}
{"session":"fd943e422322","build":"182.3911.36","bucket":"-1","time":1548846919829,"group":{"id":"lifecycle","version":"2"},"event":{"count":1,"data":{},"id":"project.opened"}}
{"session":"fd943e422322","build":"182.3911.36","bucket":"-1","time":1548846920061,"group":{"id":"lifecycle","version":"2"},"event":{"count":1,"data":{"time.ms":453},"id":"project.opening.finished"}}
{"session":"fd943e422322","build":"182.3911.36","bucket":"-1","time":1548846920088,"group":{"id":"system.os.name","version":"2"},"event":{"data":{},"id":"Linux"}}
{"session":"fd943e422322","build":"182.3911.36","bucket":"-1","time":1548846920088,"group":{"id":"system.os.version","version":"2"},"event":{"data":{},"id":"ubuntu_16.04"}}
{"session":"fd943e422322","build":"182.3911.36","bucket":"-1","time":1548846920088,"group":{"id":"system.jvm.vendor","version":"2"},"event":{"data":{},"id":"JetBrains_s.r.o"}}
{"session":"fd943e422322","build":"182.3911.36","bucket":"-1","time":1548846920088,"group":{"id":"system.jvm.version","version":"2"},"event":{"data":{},"id":"1.8"}}
{"session":"fd943e422322","build":"182.3911.36","bucket":"-1","time":1548846920905,"group":{"id":"toolwindow","version":"2"},"event":{"count":1,"data":{},"id":"Project_by_Activation"}}
{"session":"fd943e422322","build":"182.3911.36","bucket":"-1","time":1548846929617,"group":{"id":"toolwindow","version":"2"},"event":{"count":2,"data":{},"id":"Messages_by_Activation"}}
{"session":"fd943e422322","build":"182.3911.36","bucket":"-1","time":1548846931419,"group":{"id":"trigger","version":"2"},"event":{"count":1,"data":{},"id":"StripeButton[Android_Profiler].hidden"}}
{"session":"fd943e422322","build":"182.3911.36","bucket":"-1","time":1548846970511,"group":{"id":"toolwindow","version":"2"},"event":{"count":1,"data":{},"id":"Project_by_Activation"}}
{"session":"fd943e422322","build":"182.3911.36","bucket":"-1","time":1548846972096,"group":{"id":"actions","version":"2"},"event":{"count":1,"data":{},"id":"CompileDirty"}}
{"session":"fd943e422322","build":"182.3911.36","bucket":"-1","time":1548846981219,"group":{"id":"toolwindow","version":"2"},"event":{"count":1,"data":{},"id":"Messages_by_Activation"}}
{"session":"fd943e422322","build":"182.3911.36","bucket":"-1","time":1548846983375,"group":{"id":"actions","version":"2"},"event":{"count":1,"data":{},"id":"CompileDirty"}}
{"session":"fd943e422322","build":"182.3911.36","bucket":"-1","time":1548846989280,"group":{"id":"actions","version":"2"},"event":{"count":1,"data":{},"id":"ChooseRunConfiguration"}}
{"session":"fd943e422322","build":"182.3911.36","bucket":"-1","time":1548846991069,"group":{"id":"ui.dialogs","version":"2"},"event":{"count":1,"data":{"type":"show"},"id":"com.intellij.execution.actions.ChooseRunConfigurationPopup$7$1"}}
{"session":"fd943e422322","build":"182.3911.36","bucket":"-1","time":1548846997450,"group":{"id":"ui.dialogs","version":"2"},"event":{"count":1,"data":{"type":"show"},"id":"com.intellij.ide.util.TreeJavaClassChooserDialog"}}
{"session":"fd943e422322","build":"182.3911.36","bucket":"-1","time":1548847001466,"group":{"id":"ui.dialogs","version":"2"},"event":{"count":1,"data":{"code":0,"type":"close"},"id":"com.intellij.ide.util.TreeJavaClassChooserDialog"}}
{"session":"fd943e422322","build":"182.3911.36","bucket":"-1","time":1548847016295,"group":{"id":"ui.dialogs","version":"2"},"event":{"count":1,"data":{"code":0,"type":"close"},"id":"com.intellij.execution.actions.ChooseRunConfigurationPopup$7$1"}}
{"session":"fd943e422322","build":"182.3911.36","bucket":"-1","time":1548847016448,"group":{"id":"trigger","version":"2"},"event":{"count":1,"data":{},"id":"execute.Application.Run"}}
{"session":"fd943e422322","build":"182.3911.36","bucket":"-1","time":1548847017028,"group":{"id":"toolwindow","version":"2"},"event":{"count":1,"data":{},"id":"Run_by_Activation"}}
{"session":"fd943e422322","build":"182.3911.36","bucket":"-1","time":1548847021949,"group":{"id":"actions","version":"2"},"event":{"count":1,"data":{},"id":"ShowSettings"}}
{"session":"fd943e422322","build":"182.3911.36","bucket":"-1","time":1548847022400,"group":{"id":"ui.dialogs","version":"2"},"event":{"count":1,"data":{"type":"show"},"id":"com.intellij.openapi.options.newEditor.SettingsDialog"}}
{"session":"fd943e422322","build":"182.3911.36","bucket":"-1","time":1548847022653,"group":{"id":"ui.settings","version":"2"},"event":{"count":1,"data":{"type":"select"},"id":"ide.settings.Appearance"}}
{"session":"fd943e422322","build":"182.3911.36","bucket":"-1","time":1548847024134,"group":{"id":"ui.dialogs","version":"2"},"event":{"count":1,"data":{"code":1,"type":"close"},"id":"com.intellij.openapi.options.newEditor.SettingsDialog"}}
{"session":"fd943e422322","build":"182.3911.36","bucket":"-1","time":1548847030897,"group":{"id":"actions","version":"2"},"event":{"count":1,"data":{},"id":"ChooseRunConfiguration"}}
{"session":"fd943e422322","build":"182.3911.36","bucket":"-1","time":1548847034847,"group":{"id":"ui.dialogs","version":"2"},"event":{"count":1,"data":{"type":"show"},"id":"com.intellij.execution.actions.ChooseRunConfigurationPopup$7$1"}}
{"session":"fd943e422322","build":"182.3911.36","bucket":"-1","time":1548847045450,"group":{"id":"actions","version":"2"},"event":{"count":1,"data":{},"id":"EditorCopy"}}
{"session":"fd943e422322","build":"182.3911.36","bucket":"-1","time":1548847046504,"group":{"id":"actions","version":"2"},"event":{"count":1,"data":{},"id":"EditorPaste"}}
{"session":"fd943e422322","build":"182.3911.36","bucket":"-1","time":1548847054814,"group":{"id":"ui.dialogs","version":"2"},"event":{"count":1,"data":{"type":"show"},"id":"com.intellij.openapi.fileChooser.ex.FileChooserDialogImpl"}}
{"session":"fd943e422322","build":"182.3911.36","bucket":"-1","time":1548847060777,"group":{"id":"ui.dialogs","version":"2"},"event":{"count":1,"data":{"code":0,"type":"close"},"id":"com.intellij.openapi.fileChooser.ex.FileChooserDialogImpl"}}
{"session":"fd943e422322","build":"182.3911.36","bucket":"-1","time":1548847064962,"group":{"id":"ui.dialogs","version":"2"},"event":{"count":1,"data":{"code":0,"type":"close"},"id":"com.intellij.execution.actions.ChooseRunConfigurationPopup$7$1"}}
{"session":"fd943e422322","build":"182.3911.36","bucket":"-1","time":1548847065100,"group":{"id":"trigger","version":"2"},"event":{"count":1,"data":{},"id":"execute.Application.Run"}}
{"session":"fd943e422322","build":"182.3911.36","bucket":"-1","time":1548847065491,"group":{"id":"toolwindow","version":"2"},"event":{"count":1,"data":{},"id":"Run_by_Activation"}}
{"session":"fd943e422322","build":"182.3911.36","bucket":"-1","time":1548847071328,"group":{"id":"toolwindow","version":"2"},"event":{"count":1,"data":{},"id":"Project_by_Activation"}}
{"session":"fd943e422322","build":"182.3911.36","bucket":"-1","time":1548848067797,"group":{"id":"actions","version":"2"},"event":{"count":1,"data":{},"id":"EditorUp"}}
{"session":"fd943e422322","build":"182.3911.36","bucket":"-1","time":1548848067981,"group":{"id":"actions","version":"2"},"event":{"count":1,"data":{},"id":"EditorLineEnd"}}
{"session":"fd943e422322","build":"182.3911.36","bucket":"-1","time":1548848068493,"group":{"id":"actions","version":"2"},"event":{"count":1,"data":{},"id":"EditorEnter"}}
{"session":"fd943e422322","build":"182.3911.36","bucket":"-1","time":1548848071372,"group":{"id":"actions","version":"2"},"event":{"count":1,"data":{},"id":"EditorChooseLookupItem"}}
{"session":"fd943e422322","build":"182.3911.36","bucket":"-1","time":1548848071378,"group":{"id":"completion","version":"2"},"event":{"count":1,"data":{},"id":"editing.completion.camelHumps"}}
{"session":"fd943e422322","build":"182.3911.36","bucket":"-1","time":1548848071386,"group":{"id":"completion","version":"2"},"event":{"count":1,"data":{},"id":"editing.completion.basic"}}
{"session":"fd943e422322","build":"182.3911.36","bucket":"-1","time":1548848073855,"group":{"id":"actions","version":"2"},"event":{"count":2,"data":{},"id":"EditorBackSpace"}}
{"session":"fd943e422322","build":"182.3911.36","bucket":"-1","time":1548848075988,"group":{"id":"actions","version":"2"},"event":{"count":1,"data":{},"id":"EditorChooseLookupItem"}}
{"session":"fd943e422322","build":"182.3911.36","bucket":"-1","time":1548848075997,"group":{"id":"completion","version":"2"},"event":{"count":1,"data":{},"id":"editing.completion.basic"}}
{"session":"fd943e422322","build":"182.3911.36","bucket":"-1","time":1548848077819,"group":{"id":"actions","version":"2"},"event":{"count":1,"data":{},"id":"EditorUp"}}
{"session":"fd943e422322","build":"182.3911.36","bucket":"-1","time":1548848078180,"group":{"id":"actions","version":"2"},"event":{"count":2,"data":{},"id":"EditorDown"}}
{"session":"fd943e422322","build":"182.3911.36","bucket":"-1","time":1548848079075,"group":{"id":"actions","version":"2"},"event":{"count":1,"data":{},"id":"EditorUp"}}
{"session":"fd943e422322","build":"182.3911.36","bucket":"-1","time":1548848083987,"group":{"id":"actions","version":"2"},"event":{"count":1,"data":{},"id":"EditorLineEnd"}}
{"session":"fd943e422322","build":"182.3911.36","bucket":"-1","time":1548848086947,"group":{"id":"actions","version":"2"},"event":{"count":1,"data":{},"id":"EditorUp"}}
{"session":"fd943e422322","build":"182.3911.36","bucket":"-1","time":1548848087268,"group":{"id":"actions","version":"2"},"event":{"count":1,"data":{},"id":"EditorDown"}}
{"session":"fd943e422322","build":"182.3911.36","bucket":"-1","time":1548848089051,"group":{"id":"actions","version":"2"},"event":{"count":2,"data":{},"id":"EditorUp"}}
{"session":"fd943e422322","build":"182.3911.36","bucket":"-1","time":1548848089699,"group":{"id":"actions","version":"2"},"event":{"count":2,"data":{},"id":"EditorDown"}}
{"session":"fd943e422322","build":"182.3911.36","bucket":"-1","time":1548848092427,"group":{"id":"actions","version":"2"},"event":{"count":3,"data":{},"id":"EditorToggleInsertState"}}
{"session":"fd943e422322","build":"182.3911.36","bucket":"-1","time":1548848093603,"group":{"id":"actions","version":"2"},"event":{"count":1,"data":{},"id":"EditorPaste"}}
{"session":"fd943e422322","build":"182.3911.36","bucket":"-1","time":1548848095171,"group":{"id":"actions","version":"2"},"event":{"count":5,"data":{},"id":"EditorBackSpace"}}
{"session":"fd943e422322","build":"182.3911.36","bucket":"-1","time":1548848100803,"group":{"id":"actions","version":"2"},"event":{"count":1,"data":{},"id":"EditorToggleInsertState"}}
{"session":"fd943e422322","build":"182.3911.36","bucket":"-1","time":1548848100812,"group":{"id":"actions","version":"2"},"event":{"count":1,"data":{},"id":"EditorLineStart"}}
{"session":"fd943e422322","build":"182.3911.36","bucket":"-1","time":1548848102523,"group":{"id":"actions","version":"2"},"event":{"count":1,"data":{},"id":"EditorToggleInsertState"}}
{"session":"fd943e422322","build":"182.3911.36","bucket":"-1","time":1548848104716,"group":{"id":"actions","version":"2"},"event":{"count":1,"data":{},"id":"EditorBackSpace"}}
{"session":"fd943e422322","build":"182.3911.36","bucket":"-1","time":1548848105659,"group":{"id":"actions","version":"2"},"event":{"count":1,"data":{},"id":"$Undo"}}
{"session":"fd943e422322","build":"182.3911.36","bucket":"-1","time":1548848135274,"group":{"id":"actions","version":"2"},"event":{"count":1,"data":{},"id":"EditorToggleInsertState"}}
{"session":"fd943e422322","build":"182.3911.36","bucket":"-1","time":1548848137243,"group":{"id":"actions","version":"2"},"event":{"count":1,"data":{},"id":"EditorBackSpace"}}
{"session":"fd943e422322","build":"182.3911.36","bucket":"-1","time":1548848139362,"group":{"id":"actions","version":"2"},"event":{"count":1,"data":{},"id":"EditorUp"}}
{"session":"fd943e422322","build":"182.3911.36","bucket":"-1","time":1548848139826,"group":{"id":"actions","version":"2"},"event":{"count":1,"data":{},"id":"EditorDown"}}
{"session":"fd943e422322","build":"182.3911.36","bucket":"-1","time":1548848140562,"group":{"id":"actions","version":"2"},"event":{"count":2,"data":{},"id":"EditorLineEnd"}}
{"session":"fd943e422322","build":"182.3911.36","bucket":"-1","time":1548848141514,"group":{"id":"actions","version":"2"},"event":{"count":1,"data":{},"id":"EditorLineStart"}}
{"session":"fd943e422322","build":"182.3911.36","bucket":"-1","time":1548848141770,"group":{"id":"actions","version":"2"},"event":{"count":3,"data":{},"id":"EditorLineEnd"}}
{"session":"fd943e422322","build":"182.3911.36","bucket":"-1","time":1548848144106,"group":{"id":"actions","version":"2"},"event":{"count":1,"data":{},"id":"EditorToggleInsertState"}}
{"session":"fd943e422322","build":"182.3911.36","bucket":"-1","time":1548848144659,"group":{"id":"actions","version":"2"},"event":{"count":1,"data":{},"id":"EditorPaste"}}
{"session":"fd943e422322","build":"182.3911.36","bucket":"-1","time":1548848145698,"group":{"id":"actions","version":"2"},"event":{"count":2,"data":{},"id":"EditorToggleInsertState"}}
{"session":"fd943e422322","build":"182.3911.36","bucket":"-1","time":1548848146498,"group":{"id":"actions","version":"2"},"event":{"count":4,"data":{},"id":"EditorPaste"}}
{"session":"fd943e422322","build":"182.3911.36","bucket":"-1","time":1548848147802,"group":{"id":"actions","version":"2"},"event":{"count":13,"data":{},"id":"EditorBackSpace"}}
{"session":"fd943e422322","build":"182.3911.36","bucket":"-1","time":1548848151186,"group":{"id":"actions","version":"2"},"event":{"count":1,"data":{},"id":"EditorLineStart"}}
{"session":"fd943e422322","build":"182.3911.36","bucket":"-1","time":1548848151810,"group":{"id":"actions","version":"2"},"event":{"count":1,"data":{},"id":"EditorLineEnd"}}
{"session":"fd943e422322","build":"182.3911.36","bucket":"-1","time":1548848152298,"group":{"id":"actions","version":"2"},"event":{"count":1,"data":{},"id":"EditorLineStart"}}
{"session":"fd943e422322","build":"182.3911.36","bucket":"-1","time":1548848152490,"group":{"id":"actions","version":"2"},"event":{"count":1,"data":{},"id":"EditorLineEnd"}}
{"session":"fd943e422322","build":"182.3911.36","bucket":"-1","time":1548848153002,"group":{"id":"actions","version":"2"},"event":{"count":3,"data":{},"id":"EditorBackSpace"}}
{"session":"fd943e422322","build":"182.3911.36","bucket":"-1","time":1548848155186,"group":{"id":"actions","version":"2"},"event":{"count":6,"data":{},"id":"EditorPaste"}}
{"session":"fd943e422322","build":"182.3911.36","bucket":"-1","time":1548848156274,"group":{"id":"actions","version":"2"},"event":{"count":12,"data":{},"id":"EditorBackSpace"}}
{"session":"fd943e422322","build":"182.3911.36","bucket":"-1","time":1548848162930,"group":{"id":"actions","version":"2"},"event":{"count":1,"data":{},"id":"EditorLineStart"}}
{"session":"fd943e422322","build":"182.3911.36","bucket":"-1","time":1548848163106,"group":{"id":"actions","version":"2"},"event":{"count":1,"data":{},"id":"EditorPageUp"}}
{"session":"fd943e422322","build":"182.3911.36","bucket":"-1","time":1548848165569,"group":{"id":"actions","version":"2"},"event":{"count":4,"data":{},"id":"EditorUnindentSelection"}}
{"session":"fd943e422322","build":"182.3911.36","bucket":"-1","time":1548848166442,"group":{"id":"actions","version":"2"},"event":{"count":1,"data":{},"id":"EditorEnter"}}
{"session":"fd943e422322","build":"182.3911.36","bucket":"-1","time":1548848166661,"group":{"id":"actions","version":"2"},"event":{"count":1,"data":{},"id":"EditorTab"}}
{"session":"fd943e422322","build":"182.3911.36","bucket":"-1","time":1548848166890,"group":{"id":"actions","version":"2"},"event":{"count":10,"data":{},"id":"EditorEnter"}}
{"session":"fd943e422322","build":"182.3911.36","bucket":"-1","time":1548848168889,"group":{"id":"actions","version":"2"},"event":{"count":4,"data":{},"id":"EditorUp"}}
{"session":"fd943e422322","build":"182.3911.36","bucket":"-1","time":1548848169569,"group":{"id":"actions","version":"2"},"event":{"count":1,"data":{},"id":"EditorLineEnd"}}
{"session":"fd943e422322","build":"182.3911.36","bucket":"-1","time":1548848170082,"group":{"id":"actions","version":"2"},"event":{"count":1,"data":{},"id":"EditorLeft"}}
{"session":"fd943e422322","build":"182.3911.36","bucket":"-1","time":1548848170418,"group":{"id":"actions","version":"2"},"event":{"count":1,"data":{},"id":"EditorDown"}}
{"session":"fd943e422322","build":"182.3911.36","bucket":"-1","time":1548848170930,"group":{"id":"actions","version":"2"},"event":{"count":1,"data":{},"id":"EditorUp"}}
{"session":"fd943e422322","build":"182.3911.36","bucket":"-1","time":1548848171210,"group":{"id":"actions","version":"2"},"event":{"count":1,"data":{},"id":"EditorDown"}}
{"session":"fd943e422322","build":"182.3911.36","bucket":"-1","time":1548848189041,"group":{"id":"actions","version":"2"},"event":{"count":1,"data":{},"id":"EditorUp"}}
{"session":"fd943e422322","build":"182.3911.36","bucket":"-1","time":1548848189442,"group":{"id":"actions","version":"2"},"event":{"count":2,"data":{},"id":"EditorDown"}}
{"session":"fd943e422322","build":"182.3911.36","bucket":"-1","time":1548848190257,"group":{"id":"actions","version":"2"},"event":{"count":1,"data":{},"id":"EditorUp"}}
{"session":"fd943e422322","build":"182.3911.36","bucket":"-1","time":1548848190546,"group":{"id":"actions","version":"2"},"event":{"count":1,"data":{},"id":"EditorDown"}}
{"session":"fd943e422322","build":"182.3911.36","bucket":"-1","time":1548848191369,"group":{"id":"actions","version":"2"},"event":{"count":1,"data":{},"id":"EditorUp"}}
{"session":"fd943e422322","build":"182.3911.36","bucket":"-1","time":1548848191761,"group":{"id":"actions","version":"2"},"event":{"count":1,"data":{},"id":"EditorDown"}}
{"session":"fd943e422322","build":"182.3911.36","bucket":"-1","time":1548848194313,"group":{"id":"actions","version":"2"},"event":{"count":1,"data":{},"id":"EditorUp"}}
{"session":"fd943e422322","build":"182.3911.36","bucket":"-1","time":1548848194593,"group":{"id":"actions","version":"2"},"event":{"count":1,"data":{},"id":"EditorDown"}}
{"session":"fd943e422322","build":"182.3911.36","bucket":"-1","time":1548848196586,"group":{"id":"actions","version":"2"},"event":{"count":1,"data":{},"id":"EditorUp"}}
{"session":"fd943e422322","build":"182.3911.36","bucket":"-1","time":1548848196954,"group":{"id":"actions","version":"2"},"event":{"count":1,"data":{},"id":"EditorDown"}}
{"session":"fd943e422322","build":"182.3911.36","bucket":"-1","time":1548848199689,"group":{"id":"actions","version":"2"},"event":{"count":1,"data":{},"id":"EditorUp"}}
{"session":"fd943e422322","build":"182.3911.36","bucket":"-1","time":1548848199993,"group":{"id":"actions","version":"2"},"event":{"count":6,"data":{},"id":"EditorDown"}}
{"session":"fd943e422322","build":"182.3911.36","bucket":"-1","time":1548848202329,"group":{"id":"actions","version":"2"},"event":{"count":7,"data":{},"id":"EditorUp"}}
{"session":"fd943e422322","build":"182.3911.36","bucket":"-1","time":1548848203681,"group":{"id":"actions","version":"2"},"event":{"count":2,"data":{},"id":"EditorDown"}}
{"session":"fd943e422322","build":"182.3911.36","bucket":"-1","time":1548848204537,"group":{"id":"actions","version":"2"},"event":{"count":1,"data":{},"id":"EditorLineEnd"}}
{"session":"fd943e422322","build":"182.3911.36","bucket":"-1","time":1548848245368,"group":{"id":"actions","version":"2"},"event":{"count":1,"data":{},"id":"ShowSettings"}}
{"session":"fd943e422322","build":"182.3911.36","bucket":"-1","time":1548848245429,"group":{"id":"ui.dialogs","version":"2"},"event":{"count":1,"data":{"type":"show"},"id":"com.intellij.openapi.options.newEditor.SettingsDialog"}}
{"session":"fd943e422322","build":"182.3911.36","bucket":"-1","time":1548848245664,"group":{"id":"ui.settings","version":"2"},"event":{"count":1,"data":{"type":"select"},"id":"ide.settings.Appearance"}}
{"session":"fd943e422322","build":"182.3911.36","bucket":"-1","time":1548848247426,"group":{"id":"ui.settings","version":"2"},"event":{"count":1,"data":{"type":"select"},"id":"ide.settings.Appearance_&_Behavior"}}
{"session":"fd943e422322","build":"182.3911.36","bucket":"-1","time":1548848248105,"group":{"id":"ui.settings","version":"2"},"event":{"count":1,"data":{"type":"select"},"id":"ide.settings.Appearance"}}
{"session":"fd943e422322","build":"182.3911.36","bucket":"-1","time":1548848259445,"group":{"id":"lifecycle","version":"2"},"event":{"count":1,"data":{"mappingFailed":false,"oom":false},"id":"ide.error"}}
{"session":"fd943e422322","build":"182.3911.36","bucket":"-1","time":1548848261764,"group":{"id":"ui.dialogs","version":"2"},"event":{"count":1,"data":{"code":0,"type":"close"},"id":"com.intellij.openapi.options.newEditor.SettingsDialog"}}
{"session":"fd943e422322","build":"182.3911.36","bucket":"-1","time":1548848271392,"group":{"id":"actions","version":"2"},"event":{"count":1,"data":{},"id":"EditorUp"}}
{"session":"fd943e422322","build":"182.3911.36","bucket":"-1","time":1548848271872,"group":{"id":"actions","version":"2"},"event":{"count":2,"data":{},"id":"EditorDown"}}
{"session":"fd943e422322","build":"182.3911.36","bucket":"-1","time":1548848272522,"group":{"id":"actions","version":"2"},"event":{"count":1,"data":{},"id":"EditorUp"}}
{"session":"fd943e422322","build":"182.3911.36","bucket":"-1","time":1548848272728,"group":{"id":"actions","version":"2"},"event":{"count":7,"data":{},"id":"EditorDown"}}
{"session":"fd943e422322","build":"182.3911.36","bucket":"-1","time":1548848275736,"group":{"id":"actions","version":"2"},"event":{"count":4,"data":{},"id":"EditorUp"}}
{"session":"fd943e422322","build":"182.3911.36","bucket":"-1","time":1548848277416,"group":{"id":"actions","version":"2"},"event":{"count":1,"data":{},"id":"EditorDown"}}
{"session":"fd943e422322","build":"182.3911.36","bucket":"-1","time":1548848277688,"group":{"id":"actions","version":"2"},"event":{"count":3,"data":{},"id":"EditorUp"}}
{"session":"fd943e422322","build":"182.3911.36","bucket":"-1","time":1548848278943,"group":{"id":"actions","version":"2"},"event":{"count":3,"data":{},"id":"EditorDown"}}
{"session":"fd943e422322","build":"182.3911.36","bucket":"-1","time":1548848279576,"group":{"id":"actions","version":"2"},"event":{"count":1,"data":{},"id":"EditorUp"}}
{"session":"fd943e422322","build":"182.3911.36","bucket":"-1","time":1548848279815,"group":{"id":"actions","version":"2"},"event":{"count":2,"data":{},"id":"EditorDown"}}
{"session":"fd943e422322","build":"182.3911.36","bucket":"-1","time":1548848281736,"group":{"id":"actions","version":"2"},"event":{"count":2,"data":{},"id":"EditorUp"}}
{"session":"fd943e422322","build":"182.3911.36","bucket":"-1","time":1548848380407,"group":{"id":"actions","version":"2"},"event":{"count":1,"data":{},"id":"ShowSettings"}}
{"session":"fd943e422322","build":"182.3911.36","bucket":"-1","time":1548848380455,"group":{"id":"ui.dialogs","version":"2"},"event":{"count":1,"data":{"type":"show"},"id":"com.intellij.openapi.options.newEditor.SettingsDialog"}}
{"session":"fd943e422322","build":"182.3911.36","bucket":"-1","time":1548848380672,"group":{"id":"ui.settings","version":"2"},"event":{"count":1,"data":{"type":"select"},"id":"ide.settings.Appearance"}}
{"session":"fd943e422322","build":"182.3911.36","bucket":"-1","time":1548848384888,"group":{"id":"ui.settings","version":"2"},"event":{"count":1,"data":{"type":"select"},"id":"ide.settings.Properties"}}
{"session":"fd943e422322","build":"182.3911.36","bucket":"-1","time":1548848396757,"group":{"id":"actions","version":"2"},"event":{"count":1,"data":{},"id":"EditorLineEnd"}}
{"session":"fd943e422322","build":"182.3911.36","bucket":"-1","time":1548848399254,"group":{"id":"ui.settings","version":"2"},"event":{"count":1,"data":{"type":"select"},"id":"ide.settings.JSON"}}
{"session":"fd943e422322","build":"182.3911.36","bucket":"-1","time":1548848399692,"group":{"id":"ui.settings","version":"2"},"event":{"count":1,"data":{"type":"select"},"id":"ide.settings.Properties"}}
{"session":"fd943e422322","build":"182.3911.36","bucket":"-1","time":1548848400349,"group":{"id":"ui.settings","version":"2"},"event":{"count":1,"data":{"type":"select"},"id":"ide.settings.JSON"}}
{"session":"fd943e422322","build":"182.3911.36","bucket":"-1","time":1548848400643,"group":{"id":"ui.settings","version":"2"},"event":{"count":1,"data":{"type":"select"},"id":"ide.settings.Groovy"}}
{"session":"fd943e422322","build":"182.3911.36","bucket":"-1","time":1548848401051,"group":{"id":"ui.settings","version":"2"},"event":{"count":1,"data":{"type":"select"},"id":"ide.settings.JSON"}}
{"session":"fd943e422322","build":"182.3911.36","bucket":"-1","time":1548848401213,"group":{"id":"ui.settings","version":"2"},"event":{"count":2,"data":{"type":"select"},"id":"ide.settings.Properties"}}
{"session":"fd943e422322","build":"182.3911.36","bucket":"-1","time":1548848406333,"group":{"id":"actions","version":"2"},"event":{"count":1,"data":{},"id":"EditorLineStart"}}
{"session":"fd943e422322","build":"182.3911.36","bucket":"-1","time":1548848409187,"group":{"id":"ui.settings","version":"2"},"event":{"count":1,"data":{"type":"select"},"id":"ide.settings.Keymap"}}
{"session":"fd943e422322","build":"182.3911.36","bucket":"-1","time":1548848415991,"group":{"id":"ui.settings","version":"2"},"event":{"count":1,"data":{"type":"select"},"id":"ide.settings.Editor"}}
{"session":"fd943e422322","build":"182.3911.36","bucket":"-1","time":1548848417265,"group":{"id":"ui.settings","version":"2"},"event":{"count":1,"data":{"type":"select"},"id":"ide.settings.Keymap"}}
{"session":"fd943e422322","build":"182.3911.36","bucket":"-1","time":1548848426827,"group":{"id":"ui.settings","version":"2"},"event":{"count":1,"data":{"type":"select"},"id":"ide.settings.Intentions"}}
{"session":"fd943e422322","build":"182.3911.36","bucket":"-1","time":1548848427252,"group":{"id":"ui.settings","version":"2"},"event":{"count":1,"data":{"type":"select"},"id":"ide.settings.Properties"}}
{"session":"fd943e422322","build":"182.3911.36","bucket":"-1","time":1548848432407,"group":{"id":"ui.settings","version":"2"},"event":{"count":1,"data":{"type":"select"},"id":"ide.settings.Copyright"}}
{"session":"fd943e422322","build":"182.3911.36","bucket":"-1","time":1548848432829,"group":{"id":"ui.settings","version":"2"},"event":{"count":1,"data":{"type":"select"},"id":"ide.settings.Formatting"}}
{"session":"fd943e422322","build":"182.3911.36","bucket":"-1","time":1548848433525,"group":{"id":"ui.settings","version":"2"},"event":{"count":1,"data":{"type":"select"},"id":"ide.settings.Properties"}}
{"session":"fd943e422322","build":"182.3911.36","bucket":"-1","time":1548848434393,"group":{"id":"ui.settings","version":"2"},"event":{"count":1,"data":{"type":"select"},"id":"ide.settings.Copyright"}}
{"session":"fd943e422322","build":"182.3911.36","bucket":"-1","time":1548848434772,"group":{"id":"ui.settings","version":"2"},"event":{"count":1,"data":{"type":"select"},"id":"ide.settings.Live_Templates"}}
{"session":"fd943e422322","build":"182.3911.36","bucket":"-1","time":1548848436409,"group":{"id":"ui.settings","version":"2"},"event":{"count":1,"data":{"type":"select"},"id":"ide.settings.Inspections"}}
{"session":"fd943e422322","build":"182.3911.36","bucket":"-1","time":1548848438042,"group":{"id":"ui.settings","version":"2"},"event":{"count":1,"data":{"type":"select"},"id":"ide.settings.Code_Folding"}}
{"session":"fd943e422322","build":"182.3911.36","bucket":"-1","time":1548848443250,"group":{"id":"ui.settings","version":"2"},"event":{"count":1,"data":{"type":"select"},"id":"ide.settings.General"}}
{"session":"fd943e422322","build":"182.3911.36","bucket":"-1","time":1548848449499,"group":{"id":"ui.settings","version":"2"},"event":{"count":1,"data":{"type":"select"},"id":"ide.settings.Keymap"}}
{"session":"fd943e422322","build":"182.3911.36","bucket":"-1","time":1548848449836,"group":{"id":"ui.settings","version":"2"},"event":{"count":1,"data":{"type":"select"},"id":"ide.settings.Editor"}}
{"session":"fd943e422322","build":"182.3911.36","bucket":"-1","time":1548848451495,"group":{"id":"ui.settings","version":"2"},"event":{"count":1,"data":{"type":"select"},"id":"ide.settings.Keymap"}}
{"session":"fd943e422322","build":"182.3911.36","bucket":"-1","time":1548848460756,"group":{"id":"ui.settings","version":"2"},"event":{"count":1,"data":{"type":"select"},"id":"ide.settings.Properties"}}
{"session":"fd943e422322","build":"182.3911.36","bucket":"-1","time":1548848462092,"group":{"id":"ui.settings","version":"2"},"event":{"count":1,"data":{"type":"select"},"id":"ide.settings.Intentions"}}
{"session":"fd943e422322","build":"182.3911.36","bucket":"-1","time":1548848463118,"group":{"id":"ui.dialogs","version":"2"},"event":{"count":1,"data":{"code":1,"type":"close"},"id":"com.intellij.openapi.options.newEditor.SettingsDialog"}}
{"session":"fd943e422322","build":"182.3911.36","bucket":"-1","time":1548848471274,"group":{"id":"actions","version":"2"},"event":{"count":1,"data":{},"id":"EditCustomProperties"}}
{"session":"fd943e422322","build":"182.3911.36","bucket":"-1","time":1548848471286,"group":{"id":"ui.dialogs","version":"2"},"event":{"count":1,"data":{"type":"show"},"id":"com.intellij.openapi.ui.messages.MessageDialog"}}
{"session":"fd943e422322","build":"182.3911.36","bucket":"-1","time":1548848533400,"group":{"id":"actions","version":"2"},"event":{"count":1,"data":{},"id":"EditCustomProperties"}}
{"session":"fd943e422322","build":"182.3911.36","bucket":"-1","time":1548848533408,"group":{"id":"ui.dialogs","version":"2"},"event":{"count":1,"data":{"type":"show"},"id":"com.intellij.openapi.ui.messages.MessageDialog"}}
{"session":"fd943e422322","build":"182.3911.36","bucket":"-1","time":1548848537334,"group":{"id":"actions","version":"2"},"event":{"count":1,"data":{},"id":"EditorPaste"}}
{"session":"fd943e422322","build":"182.3911.36","bucket":"-1","time":1548848538403,"group":{"id":"actions","version":"2"},"event":{"count":1,"data":{},"id":"SaveAll"}}
{"session":"fd943e422322","build":"182.3911.36","bucket":"-1","time":1548848544875,"group":{"id":"actions","version":"2"},"event":{"count":1,"data":{},"id":"EditorUp"}}
{"session":"fd943e422322","build":"182.3911.36","bucket":"-1","time":1548848545130,"group":{"id":"actions","version":"2"},"event":{"count":1,"data":{},"id":"EditorDown"}}
{"session":"fd943e422322","build":"182.3911.36","bucket":"-1","time":1548848547090,"group":{"id":"ui.dialogs","version":"2"},"event":{"count":1,"data":{"type":"show"},"id":"com.intellij.openapi.ui.messages.MessageDialog"}}
{"session":"fd943e422322","build":"182.3911.36","bucket":"-1","time":1548848549506,"group":{"id":"lifecycle","version":"2"},"event":{"count":1,"data":{"restart":false},"id":"app.closed"}}
{"session":"fd943e422322","build":"182.3911.36","bucket":"-1","time":1548848549695,"group":{"id":"lifecycle","version":"2"},"event":{"count":1,"data":{},"id":"project.closed"}}
{"session":"fd943e422322","build":"182.3911.36","bucket":"-1","time":1548848549988,"group":{"id":"lifecycle","version":"2"},"event":{"count":1,"data":{},"id":"ideaapp.closed"}}
