{"session":"03e57b307960","build":"182.3911.36","bucket":"-1","time":1548848557594,"group":{"id":"ui.dialogs","version":"2"},"event":{"count":1,"data":{"type":"show"},"id":"com.intellij.openapi.progress.util.ProgressDialog$MyDialogWrapper"}}
{"session":"03e57b307960","build":"182.3911.36","bucket":"-1","time":1548848558448,"group":{"id":"ui.dialogs","version":"2"},"event":{"count":1,"data":{"code":1,"type":"close"},"id":"com.intellij.openapi.progress.util.ProgressDialog$MyDialogWrapper"}}
{"session":"03e57b307960","build":"182.3911.36","bucket":"-1","time":1548848558481,"group":{"id":"lifecycle","version":"2"},"event":{"count":1,"data":{},"id":"project.opened"}}
{"session":"03e57b307960","build":"182.3911.36","bucket":"-1","time":1548848560284,"group":{"id":"ui.dialogs","version":"2"},"event":{"count":1,"data":{"type":"show"},"id":"com.intellij.openapi.progress.util.ProgressDialog$MyDialogWrapper"}}
{"session":"03e57b307960","build":"182.3911.36","bucket":"-1","time":1548848561228,"group":{"id":"toolwindow","version":"2"},"event":{"count":1,"data":{},"id":"Project_by_Activation"}}
{"session":"03e57b307960","build":"182.3911.36","bucket":"-1","time":1548848561692,"group":{"id":"lifecycle","version":"2"},"event":{"count":1,"data":{},"id":"ideaapp.started"}}
{"session":"03e57b307960","build":"182.3911.36","bucket":"-1","time":1548848561744,"group":{"id":"lifecycle","version":"2"},"event":{"count":1,"data":{},"id":"app.started"}}
{"session":"03e57b307960","build":"182.3911.36","bucket":"-1","time":1548848562370,"group":{"id":"ui.dialogs","version":"2"},"event":{"count":1,"data":{"type":"show"},"id":"com.intellij.ide.util.TipDialog"}}
{"session":"03e57b307960","build":"182.3911.36","bucket":"-1","time":1548848562895,"group":{"id":"ui.dialogs","version":"2"},"event":{"count":1,"data":{"code":1,"type":"close"},"id":"com.intellij.openapi.progress.util.ProgressDialog$MyDialogWrapper"}}
{"session":"03e57b307960","build":"182.3911.36","bucket":"-1","time":1548848562929,"group":{"id":"lifecycle","version":"2"},"event":{"count":1,"data":{"time.ms":5692},"id":"project.opening.finished"}}
{"session":"03e57b307960","build":"182.3911.36","bucket":"-1","time":1548848563689,"group":{"id":"system.os.name","version":"2"},"event":{"data":{},"id":"Linux"}}
{"session":"03e57b307960","build":"182.3911.36","bucket":"-1","time":1548848563690,"group":{"id":"system.os.version","version":"2"},"event":{"data":{},"id":"ubuntu_16.04"}}
{"session":"03e57b307960","build":"182.3911.36","bucket":"-1","time":1548848563690,"group":{"id":"system.jvm.vendor","version":"2"},"event":{"data":{},"id":"JetBrains_s.r.o"}}
{"session":"03e57b307960","build":"182.3911.36","bucket":"-1","time":1548848563690,"group":{"id":"system.jvm.version","version":"2"},"event":{"data":{},"id":"1.8"}}
{"session":"03e57b307960","build":"182.3911.36","bucket":"-1","time":1548848564380,"group":{"id":"ui.dialogs","version":"2"},"event":{"count":1,"data":{"code":1,"type":"close"},"id":"com.intellij.ide.util.TipDialog"}}
{"session":"03e57b307960","build":"182.3911.36","bucket":"-1","time":1548848570144,"group":{"id":"actions","version":"2"},"event":{"count":7,"data":{},"id":"EditorUp"}}
{"session":"03e57b307960","build":"182.3911.36","bucket":"-1","time":1548848573325,"group":{"id":"actions","version":"2"},"event":{"count":1,"data":{},"id":"EditorLineEnd"}}
{"session":"03e57b307960","build":"182.3911.36","bucket":"-1","time":1548848574879,"group":{"id":"toolwindow","version":"2"},"event":{"count":3,"data":{},"id":"Messages_by_Activation"}}
{"session":"03e57b307960","build":"182.3911.36","bucket":"-1","time":1548848574926,"group":{"id":"actions","version":"2"},"event":{"count":1,"data":{},"id":"EditorUp"}}
{"session":"03e57b307960","build":"182.3911.36","bucket":"-1","time":1548848575244,"group":{"id":"actions","version":"2"},"event":{"count":1,"data":{},"id":"EditorDown"}}
{"session":"03e57b307960","build":"182.3911.36","bucket":"-1","time":1548848578323,"group":{"id":"actions","version":"2"},"event":{"count":4,"data":{},"id":"EditorUp"}}
{"session":"03e57b307960","build":"182.3911.36","bucket":"-1","time":1548848579146,"group":{"id":"actions","version":"2"},"event":{"count":4,"data":{},"id":"EditorDown"}}
{"session":"03e57b307960","build":"182.3911.36","bucket":"-1","time":1548848592318,"group":{"id":"actions","version":"2"},"event":{"count":1,"data":{},"id":"EditCustomProperties"}}
{"session":"03e57b307960","build":"182.3911.36","bucket":"-1","time":1548848595466,"group":{"id":"actions","version":"2"},"event":{"count":1,"data":{},"id":"CopyPaths"}}
{"session":"03e57b307960","build":"182.3911.36","bucket":"-1","time":1548848652809,"group":{"id":"actions","version":"2"},"event":{"count":1,"data":{},"id":"CopyPaths"}}
{"session":"03e57b307960","build":"182.3911.36","bucket":"-1","time":1548848671009,"group":{"id":"actions","version":"2"},"event":{"count":2,"data":{},"id":"EditorUp"}}
